0 info it worked if it ends with ok
1 verbose cli [ 'node', '/usr/local/bin/npm', 'publish', './' ]
2 info using npm@1.5.0-alpha-1
3 info using node@v0.10.28
4 verbose node symlink /usr/local/bin/node
5 verbose publish [ './' ]
6 verbose cache add [ './', null ]
7 verbose cache add spec="./" args=["./",null]
8 verbose cache add local package /Users/ian/GitHubs/generator-drupal-theme
9 silly lockFile 0ee6c175- ./
10 verbose lock ./ /Users/ian/.npm/0ee6c175-.lock
11 verbose tar pack [ '/Users/ian/.npm/generator-drupal-theme/0.1.1/package.tgz',
11 verbose tar pack   './' ]
12 verbose tarball /Users/ian/.npm/generator-drupal-theme/0.1.1/package.tgz
13 verbose folder ./
14 info prepublish generator-drupal-theme@0.1.1
15 silly lockFile 04cb2bca-tar tar://./
16 verbose lock tar://./ /Users/ian/.npm/04cb2bca-tar.lock
17 silly lockFile 02884917-r-drupal-theme-0-1-1-package-tgz tar:///Users/ian/.npm/generator-drupal-theme/0.1.1/package.tgz
18 verbose lock tar:///Users/ian/.npm/generator-drupal-theme/0.1.1/package.tgz /Users/ian/.npm/02884917-r-drupal-theme-0-1-1-package-tgz.lock
19 silly lockFile 04cb2bca-tar tar://./
20 silly lockFile 04cb2bca-tar tar://./
21 silly lockFile 02884917-r-drupal-theme-0-1-1-package-tgz tar:///Users/ian/.npm/generator-drupal-theme/0.1.1/package.tgz
22 silly lockFile 02884917-r-drupal-theme-0-1-1-package-tgz tar:///Users/ian/.npm/generator-drupal-theme/0.1.1/package.tgz
23 silly lockFile d975272c-rator-drupal-theme-0-1-1-package /Users/ian/.npm/generator-drupal-theme/0.1.1/package
24 verbose lock /Users/ian/.npm/generator-drupal-theme/0.1.1/package /Users/ian/.npm/d975272c-rator-drupal-theme-0-1-1-package.lock
25 silly lockFile d975272c-rator-drupal-theme-0-1-1-package /Users/ian/.npm/generator-drupal-theme/0.1.1/package
26 silly lockFile d975272c-rator-drupal-theme-0-1-1-package /Users/ian/.npm/generator-drupal-theme/0.1.1/package
27 silly lockFile 0ee6c175- ./
28 silly lockFile 0ee6c175- ./
29 silly publish { name: 'generator-drupal-theme',
29 silly publish   version: '0.1.1',
29 silly publish   description: 'A Yeoman generator to create Drupal themes. This is also build to create sub-themes of Zen, Omega, Aurora and Mothership.',
29 silly publish   license: 'MIT',
29 silly publish   main: 'app/index.js',
29 silly publish   repository:
29 silly publish    { type: 'git',
29 silly publish      url: 'https://github.com/frontend-united/generator-drupal-theme' },
29 silly publish   author:
29 silly publish    { name: 'Ian Carrico',
29 silly publish      email: 'github@iancarrico.com',
29 silly publish      url: 'https://github.com/iamcarrico' },
29 silly publish   engines: { node: '>=0.10.0' },
29 silly publish   scripts: { test: 'mocha' },
29 silly publish   files: [ 'app' ],
29 silly publish   keywords: [ 'yeoman-generator', 'drupal' ],
29 silly publish   dependencies:
29 silly publish    { 'yeoman-generator': '~0.16.0',
29 silly publish      chalk: '~0.4.0',
29 silly publish      yosay: '^0.1.0',
29 silly publish      'underscore.string': '~2.3.3',
29 silly publish      execSync: '~1.0.1-pre',
29 silly publish      rimraf: '~2.2.0' },
29 silly publish   devDependencies: { mocha: '*' },
29 silly publish   peerDependencies: { yo: '>=1.0.0' },
29 silly publish   readme: '# Drupal Theme Generator \n\n[![NPM version][npm-image]][npm-url] [![Build Status][travis-image]][travis-url] ![License MIT][license-image]  [![Downloads][downloads-image]][npm-url]\n\n> [Yeoman](http://yeoman.io) generator\n\n```\n=============================================================\n||      _____                         _                    ||\n||     |  __ \\                       | |                   ||\n||     | |  | |_ __ _   _ _ __   __ _| |                   ||\n||     | |  | | \'__| | | | \'_ \\ / _` | |                   ||\n||     | |__| | |  | |_| | |_) | (_| | |                   ||\n||     |_____/|_|   \\__,_| .__/ \\__,_|_|                   ||\n||     |__   __| |       | |                               ||\n||        | |  | |__   __|_| __ ___   ___                  ||\n||        | |  | \'_ \\ / _ \\ \'_ ` _ \\ / _ \\                 ||\n||        | |  | | | |  __/ | | | | |  __/                 ||\n||       _|_|_ |_| |_|\\___|_| |_| |_|\\___|                 ||\n||      / ____|                         | |                ||\n||     | |  __  ___ _ __   ___ _ __ __ _| |_ ___  _ __     ||\n||     | | |_ |/ _ \\ \'_ \\ / _ \\ \'__/ _` | __/ _ \\| \'__|    ||\n||     | |__| |  __/ | | |  __/ | | (_| | || (_) | |       ||\n||      \\_____|\\___|_| |_|\\___|_|  \\__,_|\\__\\___/|_|       ||\n=============================================================\n```\n\n\n## Getting Started\n\n### What is Yeoman?\n\nTrick question. It\'s not a thing. It\'s this guy:\n\n![](http://i.imgur.com/JHaAlBJ.png)\n\nBasically, he wears a top hat, lives in your computer, and waits for you to tell him what kind of application you wish to create.\n\nNot every new computer comes with a Yeoman pre-installed. He lives in the [npm](https://npmjs.org) package repository. You only have to ask for him once, then he packs up and moves into your hard drive. *Make sure you clean up, he likes new and shiny things.*\n\n```bash\n$ npm install -g yo\n```\n\n### Yeoman Generators\n\nYeoman travels light. He didn\'t pack any generators when he moved in. You can think of a generator like a plug-in. You get to choose what type of application you wish to create, such as a Backbone application or even a Chrome extension.\n\nTo install generator-drupal-theme from npm, run:\n\n```bash\n$ npm install -g generator-drupal-theme\n```\n\nFinally, initiate the generator:\n\n```bash\n$ yo drupal-theme\n```\n\n### Creating a Sub Theme\n\nThis Yeoman generator allows you to create a sub-theme of any Drupal base theme. When you initiate the generator, it will ask you which Drupal base theme you would like to use. There are several packed with this, some of which will give you their own special code when you create a sub-theme. You can also specify any other base theme of your choice, by selecting "custom".\n\n### Getting To Know Yeoman\n\nYeoman has a heart of gold. He\'s a person with feelings and opinions, but he\'s very easy to work with. If you think he\'s too opinionated, he can be easily convinced.\n\nIf you\'d like to get to know Yeoman better and meet some of his friends, [Grunt](http://gruntjs.com) and [Bower](http://bower.io), check out the complete [Getting Started Guide](https://github.com/yeoman/yeoman/wiki/Getting-Started).\n\n\n## License\n\nMIT\n\n\n[travis-url]: https://travis-ci.org/frontend-united/generator-drupal-theme\n[travis-image]: http://img.shields.io/travis/frontend-united/generator-drupal-theme.svg\n\n[downloads-image]: http://img.shields.io/npm/dm/generator-drupal-theme.svg\n[npm-url]: https://npmjs.org/package/generator-drupal-theme\n[npm-image]: http://img.shields.io/npm/v/generator-drupal-theme.svg\n\n[license-image]: http://img.shields.io/badge/license-MIT-blue.svg\n\n',
29 silly publish   readmeFilename: 'README.md',
29 silly publish   gitHead: '1822349574a92f57b2a90751340a079537a888c2',
29 silly publish   bugs: { url: 'https://github.com/frontend-united/generator-drupal-theme/issues' },
29 silly publish   homepage: 'https://github.com/frontend-united/generator-drupal-theme',
29 silly publish   _id: 'generator-drupal-theme@0.1.1',
29 silly publish   _shasum: '5086a10b646b734b6518ba7e5269a169b3654207',
29 silly publish   _from: './' }
30 verbose mapToRegistry name generator-drupal-theme
31 verbose mapToRegistry uri https://registry.npmjs.org/generator-drupal-theme
32 verbose publish registryBase https://registry.npmjs.org/
33 verbose request where is /generator-drupal-theme
34 verbose request registry https://registry.npmjs.org/
35 verbose request id 59aa833637662b42
36 verbose request url raw /generator-drupal-theme
37 verbose request url resolving [ 'https://registry.npmjs.org/', './generator-drupal-theme' ]
38 verbose request url resolved https://registry.npmjs.org/generator-drupal-theme
39 verbose request where is https://registry.npmjs.org/generator-drupal-theme
40 verbose request setting basic auth
41 info trying registry request attempt 1 at 10:26:58
42 http PUT https://registry.npmjs.org/generator-drupal-theme
43 http 403 https://registry.npmjs.org/generator-drupal-theme
44 verbose headers { date: 'Mon, 14 Jul 2014 15:26:58 GMT',
44 verbose headers   server: 'CouchDB/1.5.0 (Erlang OTP/R14B04)',
44 verbose headers   'content-type': 'application/json',
44 verbose headers   'cache-control': 'max-age=30',
44 verbose headers   'content-length': '7470',
44 verbose headers   'accept-ranges': 'bytes',
44 verbose headers   via: '1.1 varnish',
44 verbose headers   'x-served-by': 'cache-dfw1832-DFW',
44 verbose headers   'x-cache': 'MISS',
44 verbose headers   'x-cache-hits': '0',
44 verbose headers   'x-timer': 'S1405351618.723820,VS0,VE214',
44 verbose headers   'keep-alive': 'timeout=10, max=50',
44 verbose headers   connection: 'Keep-Alive' }
45 error publish Failed PUT 403
46 error Error: forbidden cannot modify pre-existing version: 0.1.1
46 error old={"name":"generator-drupal-theme","version":"0.1.1","description":"A Yeoman generator to create Drupal themes. This is also build to create sub-themes of Zen, Omega, Aurora and Mothership.","license":"MIT","main":"app/index.js","repository":{"type":"git","url":"https://github.com/frontend-united/generator-drupal-theme"},"author":{"name":"Ian Carrico","email":"github@iancarrico.com","url":"https://github.com/iamcarrico"},"engines":{"node":">=0.10.0"},"scripts":{"test":"mocha"},"files":["app"],"keywords":["yeoman-generator","drupal"],"dependencies":{"yeoman-generator":"~0.16.0","chalk":"~0.4.0","yosay":"^0.1.0","underscore.string":"~2.3.3","execSync":"~1.0.1-pre","rimraf":"~2.2.0"},"devDependencies":{"mocha":"*"},"peerDependencies":{"yo":">=1.0.0"},"gitHead":"065307cd80dd57eeeb094f4d6b8e5fe24dda3019","bugs":{"url":"https://github.com/frontend-united/generator-drupal-theme/issues"},"homepage":"https://github.com/frontend-united/generator-drupal-theme","_id":"generator-drupal-theme@0.1.1","_shasum":"681cd82f0e3736493e7d44181cf5f507e2b45455","_from":".","_npmVersion":"1.4.16","_npmUser":{"name":"iamcarrico","email":"npm@iancarrico.com"},"maintainers":[{"name":"cbellino","email":"bellino.colin@gmail.com"},{"name":"iamcarrico","email":"npm@iancarrico.com"}],"dist":{"shasum":"681cd82f0e3736493e7d44181cf5f507e2b45455","tarball":"http://registry.npmjs.org/generator-drupal-theme/-/generator-drupal-theme-0.1.1.tgz"}}
46 error new={"name":"generator-drupal-theme","version":"0.1.1","description":"A Yeoman generator to create Drupal themes. This is also build to create sub-themes of Zen, Omega, Aurora and Mothership.","license":"MIT","main":"app/index.js","repository":{"type":"git","url":"https://github.com/frontend-united/generator-drupal-theme"},"author":{"name":"Ian Carrico","email":"github@iancarrico.com","url":"https://github.com/iamcarrico"},"engines":{"node":">=0.10.0"},"scripts":{"test":"mocha"},"files":["app"],"keywords":["yeoman-generator","drupal"],"dependencies":{"yeoman-generator":"~0.16.0","chalk":"~0.4.0","yosay":"^0.1.0","underscore.string":"~2.3.3","execSync":"~1.0.1-pre","rimraf":"~2.2.0"},"devDependencies":{"mocha":"*"},"peerDependencies":{"yo":">=1.0.0"},"readme":"# Drupal Theme Generator \u000a\u000a[![NPM version][npm-image]][npm-url] [![Build Status][travis-image]][travis-url] ![License MIT][license-image]  [![Downloads][downloads-image]][npm-url]\u000a\u000a> [Yeoman](http://yeoman.io) generator\u000a\u000a```\u000a=============================================================\u000a||      _____                         _                    ||\u000a||     |  __ \\                       | |                   ||\u000a||     | |  | |_ __ _   _ _ __   __ _| |                   ||\u000a||     | |  | | '__| | | | '_ \\ / _` | |                   ||\u000a||     | |__| | |  | |_| | |_) | (_| | |                   ||\u000a||     |_____/|_|   \\__,_| .__/ \\__,_|_|                   ||\u000a||     |__   __| |       | |                               ||\u000a||        | |  | |__   __|_| __ ___   ___                  ||\u000a||        | |  | '_ \\ / _ \\ '_ ` _ \\ / _ \\                 ||\u000a||        | |  | | | |  __/ | | | | |  __/                 ||\u000a||       _|_|_ |_| |_|\\___|_| |_| |_|\\___|                 ||\u000a||      / ____|                         | |                ||\u000a||     | |  __  ___ _ __   ___ _ __ __ _| |_ ___  _ __     ||\u000a||     | | |_ |/ _ \\ '_ \\ / _ \\ '__/ _` | __/ _ \\| '__|    ||\u000a||     | |__| |  __/ | | |  __/ | | (_| | || (_) | |       ||\u000a||      \\_____|\\___|_| |_|\\___|_|  \\__,_|\\__\\___/|_|       ||\u000a=============================================================\u000a```\u000a\u000a\u000a## Getting Started\u000a\u000a### What is Yeoman?\u000a\u000aTrick question. It's not a thing. It's this guy:\u000a\u000a![](http://i.imgur.com/JHaAlBJ.png)\u000a\u000aBasically, he wears a top hat, lives in your computer, and waits for you to tell him what kind of application you wish to create.\u000a\u000aNot every new computer comes with a Yeoman pre-installed. He lives in the [npm](https://npmjs.org) package repository. You only have to ask for him once, then he packs up and moves into your hard drive. *Make sure you clean up, he likes new and shiny things.*\u000a\u000a```bash\u000a$ npm install -g yo\u000a```\u000a\u000a### Yeoman Generators\u000a\u000aYeoman travels light. He didn't pack any generators when he moved in. You can think of a generator like a plug-in. You get to choose what type of application you wish to create, such as a Backbone application or even a Chrome extension.\u000a\u000aTo install generator-drupal-theme from npm, run:\u000a\u000a```bash\u000a$ npm install -g generator-drupal-theme\u000a```\u000a\u000aFinally, initiate the generator:\u000a\u000a```bash\u000a$ yo drupal-theme\u000a```\u000a\u000a### Creating a Sub Theme\u000a\u000aThis Yeoman generator allows you to create a sub-theme of any Drupal base theme. When you initiate the generator, it will ask you which Drupal base theme you would like to use. There are several packed with this, some of which will give you their own special code when you create a sub-theme. You can also specify any other base theme of your choice, by selecting \"custom\".\u000a\u000a### Getting To Know Yeoman\u000a\u000aYeoman has a heart of gold. He's a person with feelings and opinions, but he's very easy to work with. If you think he's too opinionated, he can be easily convinced.\u000a\u000aIf you'd like to get to know Yeoman better and meet some of his friends, [Grunt](http://gruntjs.com) and [Bower](http://bower.io), check out the complete [Getting Started Guide](https://github.com/yeoman/yeoman/wiki/Getting-Started).\u000a\u000a\u000a## License\u000a\u000aMIT\u000a\u000a\u000a[travis-url]: https://travis-ci.org/frontend-united/generator-drupal-theme\u000a[travis-image]: http://img.shields.io/travis/frontend-united/generator-drupal-theme.svg\u000a\u000a[downloads-image]: http://img.shields.io/npm/dm/generator-drupal-theme.svg\u000a[npm-url]: https://npmjs.org/package/generator-drupal-theme\u000a[npm-image]: http://img.shields.io/npm/v/generator-drupal-theme.svg\u000a\u000a[license-image]: http://img.shields.io/badge/license-MIT-blue.svg\u000a\u000a","readmeFilename":"README.md","gitHead":"1822349574a92f57b2a90751340a079537a888c2","bugs":{"url":"https://github.com/frontend-united/generator-drupal-theme/issues"},"homepage":"https://github.com/frontend-united/generator-drupal-theme","_id":"generator-drupal-theme@0.1.1","_shasum":"5086a10b646b734b6518ba7e5269a169b3654207","_from":"./","_npmVersion":"1.5.0-alpha-1","_npmUser":{"name":"iamcarrico","email":"npm@iancarrico.com"},"maintainers":[{"name":"iamcarrico","email":"npm@iancarrico.com"}],"dist":{"shasum":"5086a10b646b734b6518ba7e5269a169b3654207","tarball":"http://registry.npmjs.org/generator-drupal-theme/-/generator-drupal-theme-0.1.1.tgz"}}: generator-drupal-theme
46 error     at RegClient.<anonymous> (/usr/local/lib/node_modules/npm/node_modules/npm-registry-client/lib/request.js:313:14)
46 error     at Request._callback (/usr/local/lib/node_modules/npm/node_modules/npm-registry-client/lib/request.js:251:65)
46 error     at Request.self.callback (/usr/local/lib/node_modules/npm/node_modules/request/request.js:123:22)
46 error     at Request.EventEmitter.emit (events.js:98:17)
46 error     at Request.<anonymous> (/usr/local/lib/node_modules/npm/node_modules/request/request.js:893:14)
46 error     at Request.EventEmitter.emit (events.js:117:20)
46 error     at IncomingMessage.<anonymous> (/usr/local/lib/node_modules/npm/node_modules/request/request.js:844:12)
46 error     at IncomingMessage.EventEmitter.emit (events.js:117:20)
46 error     at _stream_readable.js:919:16
46 error     at process._tickCallback (node.js:419:13)
47 error If you need help, you may report this *entire* log,
47 error including the npm and node versions, at:
47 error     <http://github.com/npm/npm/issues>
48 error System Darwin 13.2.0
49 error command "node" "/usr/local/bin/npm" "publish" "./"
50 error cwd /Users/ian/GitHubs/generator-drupal-theme
51 error node -v v0.10.28
52 error npm -v 1.5.0-alpha-1
53 verbose exit [ 1, true ]
